<?xml version="1.0" encoding="UTF-8"?>
<coverage generated="1778840799766" clover="3.2.0">
  <project timestamp="1778840799766" name="All files">
    <metrics statements="32" coveredstatements="26" conditionals="30" coveredconditionals="22" methods="2" coveredmethods="2" elements="64" coveredelements="50" complexity="0" loc="32" ncloc="32" packages="1" files="2" classes="2"/>
    <file name="detectPaymentSystem.js" path="C:\Users\EK\Desktop\validator\src\js\detectPaymentSystem.js">
      <metrics statements="20" coveredstatements="14" conditionals="24" coveredconditionals="17" methods="1" coveredmethods="1"/>
      <line num="2" count="3" type="stmt"/>
      <line num="4" count="3" type="cond" truecount="2" falsecount="0"/>
      <line num="5" count="1" type="stmt"/>
      <line num="8" count="2" type="stmt"/>
      <line num="9" count="2" type="stmt"/>
      <line num="10" count="2" type="stmt"/>
      <line num="11" count="2" type="stmt"/>
      <line num="14" count="2" type="cond" truecount="3" falsecount="1"/>
      <line num="15" count="0" type="stmt"/>
      <line num="18" count="2" type="cond" truecount="3" falsecount="1"/>
      <line num="19" count="0" type="stmt"/>
      <line num="23" count="2" type="cond" truecount="4" falsecount="0"/>
      <line num="24" count="1" type="stmt"/>
      <line num="28" count="1" type="cond" truecount="3" falsecount="1"/>
      <line num="29" count="0" type="stmt"/>
      <line num="33" count="1" type="cond" truecount="2" falsecount="2"/>
      <line num="34" count="1" type="stmt"/>
      <line num="38" count="0" type="cond" truecount="0" falsecount="2"/>
      <line num="39" count="0" type="stmt"/>
      <line num="42" count="0" type="stmt"/>
    </file>
    <file name="validation.js" path="C:\Users\EK\Desktop\validator\src\js\validation.js">
      <metrics statements="12" coveredstatements="12" conditionals="6" coveredconditionals="5" methods="1" coveredmethods="1"/>
      <line num="2" count="2" type="stmt"/>
      <line num="3" count="2" type="cond" truecount="1" falsecount="1"/>
      <line num="5" count="2" type="stmt"/>
      <line num="6" count="2" type="stmt"/>
      <line num="8" count="2" type="stmt"/>
      <line num="9" count="38" type="stmt"/>
      <line num="11" count="38" type="cond" truecount="2" falsecount="0"/>
      <line num="12" count="19" type="stmt"/>
      <line num="13" count="19" type="cond" truecount="2" falsecount="0"/>
      <line num="16" count="38" type="stmt"/>
      <line num="17" count="38" type="stmt"/>
      <line num="20" count="2" type="stmt"/>
    </file>
  </project>
</coverage>
