{"C:\\Users\\EK\\Desktop\\validator\\src\\js\\detectPaymentSystem.js": {"path":"C:\\Users\\EK\\Desktop\\validator\\src\\js\\detectPaymentSystem.js","statementMap":{"0":{"start":{"line":2,"column":19},"end":{"line":2,"column":45}},"1":{"start":{"line":4,"column":4},"end":{"line":6,"column":5}},"2":{"start":{"line":5,"column":8},"end":{"line":5,"column":22}},"3":{"start":{"line":8,"column":21},"end":{"line":8,"column":53}},"4":{"start":{"line":9,"column":23},"end":{"line":9,"column":55}},"5":{"start":{"line":10,"column":22},"end":{"line":10,"column":54}},"6":{"start":{"line":11,"column":21},"end":{"line":11,"column":53}},"7":{"start":{"line":14,"column":4},"end":{"line":16,"column":5}},"8":{"start":{"line":15,"column":8},"end":{"line":15,"column":21}},"9":{"start":{"line":18,"column":3},"end":{"line":20,"column":5}},"10":{"start":{"line":19,"column":4},"end":{"line":19,"column":17}},"11":{"start":{"line":23,"column":4},"end":{"line":25,"column":5}},"12":{"start":{"line":24,"column":8},"end":{"line":24,"column":28}},"13":{"start":{"line":28,"column":4},"end":{"line":30,"column":5}},"14":{"start":{"line":29,"column":8},"end":{"line":29,"column":28}},"15":{"start":{"line":33,"column":4},"end":{"line":35,"column":5}},"16":{"start":{"line":34,"column":8},"end":{"line":34,"column":22}},"17":{"start":{"line":38,"column":4},"end":{"line":40,"column":5}},"18":{"start":{"line":39,"column":8},"end":{"line":39,"column":26}},"19":{"start":{"line":42,"column":4},"end":{"line":42,"column":21}}},"fnMap":{"0":{"name":"detectPaymentSystem","decl":{"start":{"line":1,"column":16},"end":{"line":1,"column":35}},"loc":{"start":{"line":1,"column":44},"end":{"line":43,"column":1}},"line":1}},"branchMap":{"0":{"loc":{"start":{"line":4,"column":4},"end":{"line":6,"column":5}},"type":"if","locations":[{"start":{"line":4,"column":4},"end":{"line":6,"column":5}},{"start":{},"end":{}}],"line":4},"1":{"loc":{"start":{"line":14,"column":4},"end":{"line":16,"column":5}},"type":"if","locations":[{"start":{"line":14,"column":4},"end":{"line":16,"column":5}},{"start":{},"end":{}}],"line":14},"2":{"loc":{"start":{"line":14,"column":8},"end":{"line":14,"column":46}},"type":"binary-expr","locations":[{"start":{"line":14,"column":8},"end":{"line":14,"column":25}},{"start":{"line":14,"column":29},"end":{"line":14,"column":46}}],"line":14},"3":{"loc":{"start":{"line":18,"column":3},"end":{"line":20,"column":5}},"type":"if","locations":[{"start":{"line":18,"column":3},"end":{"line":20,"column":5}},{"start":{},"end":{}}],"line":18},"4":{"loc":{"start":{"line":18,"column":7},"end":{"line":18,"column":45}},"type":"binary-expr","locations":[{"start":{"line":18,"column":7},"end":{"line":18,"column":24}},{"start":{"line":18,"column":28},"end":{"line":18,"column":45}}],"line":18},"5":{"loc":{"start":{"line":23,"column":4},"end":{"line":25,"column":5}},"type":"if","locations":[{"start":{"line":23,"column":4},"end":{"line":25,"column":5}},{"start":{},"end":{}}],"line":23},"6":{"loc":{"start":{"line":23,"column":8},"end":{"line":23,"column":40}},"type":"binary-expr","locations":[{"start":{"line":23,"column":8},"end":{"line":23,"column":22}},{"start":{"line":23,"column":26},"end":{"line":23,"column":40}}],"line":23},"7":{"loc":{"start":{"line":28,"column":4},"end":{"line":30,"column":5}},"type":"if","locations":[{"start":{"line":28,"column":4},"end":{"line":30,"column":5}},{"start":{},"end":{}}],"line":28},"8":{"loc":{"start":{"line":28,"column":8},"end":{"line":28,"column":46}},"type":"binary-expr","locations":[{"start":{"line":28,"column":8},"end":{"line":28,"column":25}},{"start":{"line":28,"column":29},"end":{"line":28,"column":46}}],"line":28},"9":{"loc":{"start":{"line":33,"column":4},"end":{"line":35,"column":5}},"type":"if","locations":[{"start":{"line":33,"column":4},"end":{"line":35,"column":5}},{"start":{},"end":{}}],"line":33},"10":{"loc":{"start":{"line":33,"column":8},"end":{"line":33,"column":42}},"type":"binary-expr","locations":[{"start":{"line":33,"column":8},"end":{"line":33,"column":23}},{"start":{"line":33,"column":27},"end":{"line":33,"column":42}}],"line":33},"11":{"loc":{"start":{"line":38,"column":4},"end":{"line":40,"column":5}},"type":"if","locations":[{"start":{"line":38,"column":4},"end":{"line":40,"column":5}},{"start":{},"end":{}}],"line":38}},"s":{"0":3,"1":3,"2":1,"3":2,"4":2,"5":2,"6":2,"7":2,"8":0,"9":2,"10":0,"11":2,"12":1,"13":1,"14":0,"15":1,"16":1,"17":0,"18":0,"19":0},"f":{"0":3},"b":{"0":[1,2],"1":[0,2],"2":[2,2],"3":[0,2],"4":[2,1],"5":[1,1],"6":[2,1],"7":[0,1],"8":[1,1],"9":[1,0],"10":[1,0],"11":[0,0]},"inputSourceMap":null,"_coverageSchema":"1a1c01bbd47fc00a2c39e90264f33305004495a9","hash":"e19aa8968a8540443f9d589f102eaf2fc2d7bcbe"}
,"C:\\Users\\EK\\Desktop\\validator\\src\\js\\validation.js": {"path":"C:\\Users\\EK\\Desktop\\validator\\src\\js\\validation.js","statementMap":{"0":{"start":{"line":2,"column":19},"end":{"line":2,"column":45}},"1":{"start":{"line":3,"column":4},"end":{"line":3,"column":44}},"2":{"start":{"line":3,"column":31},"end":{"line":3,"column":44}},"3":{"start":{"line":5,"column":14},"end":{"line":5,"column":15}},"4":{"start":{"line":6,"column":23},"end":{"line":6,"column":28}},"5":{"start":{"line":8,"column":4},"end":{"line":18,"column":5}},"6":{"start":{"line":8,"column":17},"end":{"line":8,"column":34}},"7":{"start":{"line":9,"column":20},"end":{"line":9,"column":43}},"8":{"start":{"line":11,"column":8},"end":{"line":14,"column":9}},"9":{"start":{"line":12,"column":12},"end":{"line":12,"column":23}},"10":{"start":{"line":13,"column":12},"end":{"line":13,"column":38}},"11":{"start":{"line":13,"column":27},"end":{"line":13,"column":38}},"12":{"start":{"line":16,"column":8},"end":{"line":16,"column":21}},"13":{"start":{"line":17,"column":8},"end":{"line":17,"column":37}},"14":{"start":{"line":20,"column":4},"end":{"line":20,"column":26}}},"fnMap":{"0":{"name":"isValidCardNumber","decl":{"start":{"line":1,"column":16},"end":{"line":1,"column":33}},"loc":{"start":{"line":1,"column":42},"end":{"line":21,"column":1}},"line":1}},"branchMap":{"0":{"loc":{"start":{"line":3,"column":4},"end":{"line":3,"column":44}},"type":"if","locations":[{"start":{"line":3,"column":4},"end":{"line":3,"column":44}},{"start":{},"end":{}}],"line":3},"1":{"loc":{"start":{"line":11,"column":8},"end":{"line":14,"column":9}},"type":"if","locations":[{"start":{"line":11,"column":8},"end":{"line":14,"column":9}},{"start":{},"end":{}}],"line":11},"2":{"loc":{"start":{"line":13,"column":12},"end":{"line":13,"column":38}},"type":"if","locations":[{"start":{"line":13,"column":12},"end":{"line":13,"column":38}},{"start":{},"end":{}}],"line":13}},"s":{"0":2,"1":2,"2":0,"3":2,"4":2,"5":2,"6":2,"7":38,"8":38,"9":19,"10":19,"11":5,"12":38,"13":38,"14":2},"f":{"0":2},"b":{"0":[0,2],"1":[19,19],"2":[5,14]},"inputSourceMap":null,"_coverageSchema":"1a1c01bbd47fc00a2c39e90264f33305004495a9","hash":"ad917ac6fe8bff5aa3a21ceb3146af6868236ba4"}
}
