TN:
SF:src\js\detectPaymentSystem.js
FN:1,detectPaymentSystem
FNF:1
FNH:1
FNDA:3,detectPaymentSystem
DA:2,3
DA:4,3
DA:5,1
DA:8,2
DA:9,2
DA:10,2
DA:11,2
DA:14,2
DA:15,0
DA:18,2
DA:19,0
DA:23,2
DA:24,1
DA:28,1
DA:29,0
DA:33,1
DA:34,1
DA:38,0
DA:39,0
DA:42,0
LF:20
LH:14
BRDA:4,0,0,1
BRDA:4,0,1,2
BRDA:14,1,0,0
BRDA:14,1,1,2
BRDA:14,2,0,2
BRDA:14,2,1,2
BRDA:18,3,0,0
BRDA:18,3,1,2
BRDA:18,4,0,2
BRDA:18,4,1,1
BRDA:23,5,0,1
BRDA:23,5,1,1
BRDA:23,6,0,2
BRDA:23,6,1,1
BRDA:28,7,0,0
BRDA:28,7,1,1
BRDA:28,8,0,1
BRDA:28,8,1,1
BRDA:33,9,0,1
BRDA:33,9,1,0
BRDA:33,10,0,1
BRDA:33,10,1,0
BRDA:38,11,0,0
BRDA:38,11,1,0
BRF:24
BRH:17
end_of_record
TN:
SF:src\js\validation.js
FN:1,isValidCardNumber
FNF:1
FNH:1
FNDA:2,isValidCardNumber
DA:2,2
DA:3,2
DA:5,2
DA:6,2
DA:8,2
DA:9,38
DA:11,38
DA:12,19
DA:13,19
DA:16,38
DA:17,38
DA:20,2
LF:12
LH:12
BRDA:3,0,0,0
BRDA:3,0,1,2
BRDA:11,1,0,19
BRDA:11,1,1,19
BRDA:13,2,0,5
BRDA:13,2,1,14
BRF:6
BRH:5
end_of_record
